<?xml version="1.0"?>
<!DOCTYPE coverage SYSTEM "http://cobertura.sourceforge.net/xml/coverage-04.dtd">

<coverage line-rate="0.864" branch-rate="0.7142857142857143" lines-covered="108" lines-valid="125" branches-covered="20" branches-valid="28" complexity="2.1666666666666665" version="2.1.1" timestamp="1435626323072">
	<sources>
		<source>/var/lib/jenkins/jobs/Deply Maven Site/workspace/openfda-application/target/generated-sources/annotations</source>
		<source>--source</source>
		<source>/var/lib/jenkins/jobs/Deply Maven Site/workspace/openfda-application/src/main/java</source>
	</sources>
	<packages>
		<package name="com.techflow.openfda.drug.client" line-rate="0.8444444444444444" branch-rate="0.5" complexity="3.4">
			<classes>
				<class name="com.techflow.openfda.drug.client.MockOpenFdaGateway" filename="com/techflow/openfda/drug/client/MockOpenFdaGateway.java" line-rate="0.8444444444444444" branch-rate="0.5" complexity="3.4">
					<methods>
						<method name="&lt;init&gt;" signature="()V" line-rate="1.0" branch-rate="1.0" complexity="0">
							<lines>
								<line number="19" hits="2" branch="false"/>
								<line number="22" hits="2" branch="false"/>
								<line number="23" hits="2" branch="false"/>
								<line number="24" hits="2" branch="false"/>
								<line number="25" hits="2" branch="false"/>
								<line number="26" hits="2" branch="false"/>
								<line number="27" hits="2" branch="false"/>
								<line number="28" hits="2" branch="false"/>
								<line number="29" hits="2" branch="false"/>
								<line number="30" hits="2" branch="false"/>
								<line number="31" hits="2" branch="false"/>
								<line number="32" hits="2" branch="false"/>
								<line number="33" hits="2" branch="false"/>
								<line number="34" hits="2" branch="false"/>
								<line number="35" hits="2" branch="false"/>
								<line number="36" hits="2" branch="false"/>
								<line number="37" hits="2" branch="false"/>
								<line number="38" hits="2" branch="false"/>
								<line number="39" hits="2" branch="false"/>
								<line number="40" hits="2" branch="false"/>
								<line number="41" hits="2" branch="false"/>
								<line number="43" hits="2" branch="false"/>
								<line number="44" hits="2" branch="false"/>
							</lines>
						</method>
						<method name="findByLabel" signature="(Ljava/lang/String;)Lcom/techflow/openfda/drugs/DrugLabel;" line-rate="0.6" branch-rate="0.5" complexity="0">
							<lines>
								<line number="94" hits="1" branch="true" condition-coverage="50% (1/2)">
									<conditions>
										<condition number="0" type="jump" coverage="50%"/>
									</conditions>
								</line>
								<line number="95" hits="1" branch="true" condition-coverage="50% (1/2)">
									<conditions>
										<condition number="0" type="jump" coverage="50%"/>
									</conditions>
								</line>
								<line number="96" hits="1" branch="false"/>
								<line number="98" hits="0" branch="false"/>
								<line number="100" hits="0" branch="false"/>
							</lines>
						</method>
						<method name="findByProductNdc" signature="(Ljava/lang/String;)Lcom/techflow/openfda/drugs/DrugLabel;" line-rate="0.6" branch-rate="0.5" complexity="0">
							<lines>
								<line number="83" hits="6" branch="true" condition-coverage="50% (1/2)">
									<conditions>
										<condition number="0" type="jump" coverage="50%"/>
									</conditions>
								</line>
								<line number="84" hits="6" branch="true" condition-coverage="50% (1/2)">
									<conditions>
										<condition number="0" type="jump" coverage="50%"/>
									</conditions>
								</line>
								<line number="85" hits="6" branch="false"/>
								<line number="87" hits="0" branch="false"/>
								<line number="89" hits="0" branch="false"/>
							</lines>
						</method>
						<method name="getEvents" signature="(Ljava/lang/String;Lcom/techflow/openfda/drugs/Seriousness;)Lcom/techflow/openfda/drugs/DrugEventSummary;" line-rate="0.8571428571428571" branch-rate="0.5" complexity="0">
							<lines>
								<line number="69" hits="6" branch="true" condition-coverage="50% (1/2)">
									<conditions>
										<condition number="0" type="jump" coverage="50%"/>
									</conditions>
								</line>
								<line number="70" hits="0" branch="false"/>
								<line number="73" hits="6" branch="false"/>
								<line number="74" hits="6" branch="false"/>
								<line number="75" hits="6" branch="false"/>
								<line number="76" hits="6" branch="false"/>
								<line number="78" hits="6" branch="false"/>
							</lines>
						</method>
						<method name="getLabel" signature="(Ljava/lang/String;)Lcom/techflow/openfda/drugs/DrugLabel;" line-rate="0.6" branch-rate="0.5" complexity="0">
							<lines>
								<line number="52" hits="1" branch="true" condition-coverage="50% (1/2)">
									<conditions>
										<condition number="0" type="jump" coverage="50%"/>
									</conditions>
								</line>
								<line number="53" hits="0" branch="false"/>
								<line number="56" hits="1" branch="true" condition-coverage="50% (1/2)">
									<conditions>
										<condition number="0" type="jump" coverage="50%"/>
									</conditions>
								</line>
								<line number="57" hits="0" branch="false"/>
								<line number="60" hits="1" branch="false"/>
							</lines>
						</method>
					</methods>
					<lines>
						<line number="19" hits="2" branch="false"/>
						<line number="22" hits="2" branch="false"/>
						<line number="23" hits="2" branch="false"/>
						<line number="24" hits="2" branch="false"/>
						<line number="25" hits="2" branch="false"/>
						<line number="26" hits="2" branch="false"/>
						<line number="27" hits="2" branch="false"/>
						<line number="28" hits="2" branch="false"/>
						<line number="29" hits="2" branch="false"/>
						<line number="30" hits="2" branch="false"/>
						<line number="31" hits="2" branch="false"/>
						<line number="32" hits="2" branch="false"/>
						<line number="33" hits="2" branch="false"/>
						<line number="34" hits="2" branch="false"/>
						<line number="35" hits="2" branch="false"/>
						<line number="36" hits="2" branch="false"/>
						<line number="37" hits="2" branch="false"/>
						<line number="38" hits="2" branch="false"/>
						<line number="39" hits="2" branch="false"/>
						<line number="40" hits="2" branch="false"/>
						<line number="41" hits="2" branch="false"/>
						<line number="43" hits="2" branch="false"/>
						<line number="44" hits="2" branch="false"/>
						<line number="52" hits="1" branch="true" condition-coverage="50% (1/2)">
							<conditions>
								<condition number="0" type="jump" coverage="50%"/>
							</conditions>
						</line>
						<line number="53" hits="0" branch="false"/>
						<line number="56" hits="1" branch="true" condition-coverage="50% (1/2)">
							<conditions>
								<condition number="0" type="jump" coverage="50%"/>
							</conditions>
						</line>
						<line number="57" hits="0" branch="false"/>
						<line number="60" hits="1" branch="false"/>
						<line number="69" hits="6" branch="true" condition-coverage="50% (1/2)">
							<conditions>
								<condition number="0" type="jump" coverage="50%"/>
							</conditions>
						</line>
						<line number="70" hits="0" branch="false"/>
						<line number="73" hits="6" branch="false"/>
						<line number="74" hits="6" branch="false"/>
						<line number="75" hits="6" branch="false"/>
						<line number="76" hits="6" branch="false"/>
						<line number="78" hits="6" branch="false"/>
						<line number="83" hits="6" branch="true" condition-coverage="50% (1/2)">
							<conditions>
								<condition number="0" type="jump" coverage="50%"/>
							</conditions>
						</line>
						<line number="84" hits="6" branch="true" condition-coverage="50% (1/2)">
							<conditions>
								<condition number="0" type="jump" coverage="50%"/>
							</conditions>
						</line>
						<line number="85" hits="6" branch="false"/>
						<line number="87" hits="0" branch="false"/>
						<line number="89" hits="0" branch="false"/>
						<line number="94" hits="1" branch="true" condition-coverage="50% (1/2)">
							<conditions>
								<condition number="0" type="jump" coverage="50%"/>
							</conditions>
						</line>
						<line number="95" hits="1" branch="true" condition-coverage="50% (1/2)">
							<conditions>
								<condition number="0" type="jump" coverage="50%"/>
							</conditions>
						</line>
						<line number="96" hits="1" branch="false"/>
						<line number="98" hits="0" branch="false"/>
						<line number="100" hits="0" branch="false"/>
					</lines>
				</class>
			</classes>
		</package>
		<package name="com.techflow.openfda.drugs" line-rate="0.875" branch-rate="0.9285714285714286" complexity="1.6923076923076923">
			<classes>
				<class name="com.techflow.openfda.drugs.FindDrugUseCaseImpl" filename="com/techflow/openfda/drugs/FindDrugUseCaseImpl.java" line-rate="0.9166666666666666" branch-rate="0.5" complexity="2.0">
					<methods>
						<method name="&lt;init&gt;" signature="(Lcom/techflow/openfda/drug/client/OpenFdaGateway;)V" line-rate="1.0" branch-rate="1.0" complexity="0">
							<lines>
								<line number="14" hits="1" branch="false"/>
								<line number="15" hits="1" branch="false"/>
								<line number="16" hits="1" branch="false"/>
							</lines>
						</method>
						<method name="execute" signature="()V" line-rate="0.9047619047619048" branch-rate="0.5" complexity="0">
							<lines>
								<line number="21" hits="1" branch="false"/>
								<line number="23" hits="1" branch="true" condition-coverage="50% (1/2)">
									<conditions>
										<condition number="0" type="jump" coverage="50%"/>
									</conditions>
								</line>
								<line number="24" hits="0" branch="false"/>
								<line number="25" hits="0" branch="false"/>
								<line number="28" hits="1" branch="false"/>
								<line number="29" hits="1" branch="false"/>
								<line number="30" hits="1" branch="false"/>
								<line number="31" hits="1" branch="false"/>
								<line number="32" hits="1" branch="false"/>
								<line number="33" hits="1" branch="false"/>
								<line number="34" hits="1" branch="false"/>
								<line number="35" hits="1" branch="false"/>
								<line number="36" hits="1" branch="false"/>
								<line number="37" hits="1" branch="false"/>
								<line number="38" hits="1" branch="false"/>
								<line number="39" hits="1" branch="false"/>
								<line number="40" hits="1" branch="false"/>
								<line number="41" hits="1" branch="false"/>
								<line number="42" hits="1" branch="false"/>
								<line number="43" hits="1" branch="false"/>
								<line number="44" hits="1" branch="false"/>
							</lines>
						</method>
					</methods>
					<lines>
						<line number="14" hits="1" branch="false"/>
						<line number="15" hits="1" branch="false"/>
						<line number="16" hits="1" branch="false"/>
						<line number="21" hits="1" branch="false"/>
						<line number="23" hits="1" branch="true" condition-coverage="50% (1/2)">
							<conditions>
								<condition number="0" type="jump" coverage="50%"/>
							</conditions>
						</line>
						<line number="24" hits="0" branch="false"/>
						<line number="25" hits="0" branch="false"/>
						<line number="28" hits="1" branch="false"/>
						<line number="29" hits="1" branch="false"/>
						<line number="30" hits="1" branch="false"/>
						<line number="31" hits="1" branch="false"/>
						<line number="32" hits="1" branch="false"/>
						<line number="33" hits="1" branch="false"/>
						<line number="34" hits="1" branch="false"/>
						<line number="35" hits="1" branch="false"/>
						<line number="36" hits="1" branch="false"/>
						<line number="37" hits="1" branch="false"/>
						<line number="38" hits="1" branch="false"/>
						<line number="39" hits="1" branch="false"/>
						<line number="40" hits="1" branch="false"/>
						<line number="41" hits="1" branch="false"/>
						<line number="42" hits="1" branch="false"/>
						<line number="43" hits="1" branch="false"/>
						<line number="44" hits="1" branch="false"/>
					</lines>
				</class>
				<class name="com.techflow.openfda.drugs.ListDrugEventsUseCaseImpl" filename="com/techflow/openfda/drugs/ListDrugEventsUseCaseImpl.java" line-rate="1.0" branch-rate="1.0" complexity="1.5">
					<methods>
						<method name="&lt;init&gt;" signature="(Lcom/techflow/openfda/drug/client/OpenFdaGateway;)V" line-rate="1.0" branch-rate="1.0" complexity="0">
							<lines>
								<line number="16" hits="1" branch="false"/>
								<line number="17" hits="1" branch="false"/>
								<line number="18" hits="1" branch="false"/>
							</lines>
						</method>
						<method name="execute" signature="()V" line-rate="1.0" branch-rate="1.0" complexity="0">
							<lines>
								<line number="23" hits="1" branch="false"/>
								<line number="24" hits="7" branch="true" condition-coverage="100% (2/2)">
									<conditions>
										<condition number="0" type="jump" coverage="100%"/>
									</conditions>
								</line>
								<line number="25" hits="6" branch="false"/>
								<line number="26" hits="6" branch="false"/>
								<line number="27" hits="6" branch="false"/>
								<line number="28" hits="6" branch="false"/>
								<line number="30" hits="6" branch="false"/>
								<line number="33" hits="1" branch="false"/>
								<line number="34" hits="1" branch="false"/>
							</lines>
						</method>
					</methods>
					<lines>
						<line number="16" hits="1" branch="false"/>
						<line number="17" hits="1" branch="false"/>
						<line number="18" hits="1" branch="false"/>
						<line number="23" hits="1" branch="false"/>
						<line number="24" hits="7" branch="true" condition-coverage="100% (2/2)">
							<conditions>
								<condition number="0" type="jump" coverage="100%"/>
							</conditions>
						</line>
						<line number="25" hits="6" branch="false"/>
						<line number="26" hits="6" branch="false"/>
						<line number="27" hits="6" branch="false"/>
						<line number="28" hits="6" branch="false"/>
						<line number="30" hits="6" branch="false"/>
						<line number="33" hits="1" branch="false"/>
						<line number="34" hits="1" branch="false"/>
					</lines>
				</class>
				<class name="com.techflow.openfda.drugs.MockDrugRepository" filename="com/techflow/openfda/drugs/MockDrugRepository.java" line-rate="1.0" branch-rate="1.0" complexity="1.0">
					<methods>
						<method name="&lt;init&gt;" signature="()V" line-rate="1.0" branch-rate="1.0" complexity="0">
							<lines>
								<line number="5" hits="5" branch="false"/>
								<line number="6" hits="5" branch="false"/>
								<line number="7" hits="5" branch="false"/>
								<line number="8" hits="5" branch="false"/>
								<line number="10" hits="5" branch="false"/>
								<line number="11" hits="5" branch="false"/>
								<line number="12" hits="5" branch="false"/>
								<line number="13" hits="5" branch="false"/>
								<line number="14" hits="5" branch="false"/>
								<line number="15" hits="5" branch="false"/>
								<line number="16" hits="5" branch="false"/>
								<line number="17" hits="5" branch="false"/>
								<line number="18" hits="5" branch="false"/>
							</lines>
						</method>
					</methods>
					<lines>
						<line number="5" hits="5" branch="false"/>
						<line number="6" hits="5" branch="false"/>
						<line number="7" hits="5" branch="false"/>
						<line number="8" hits="5" branch="false"/>
						<line number="10" hits="5" branch="false"/>
						<line number="11" hits="5" branch="false"/>
						<line number="12" hits="5" branch="false"/>
						<line number="13" hits="5" branch="false"/>
						<line number="14" hits="5" branch="false"/>
						<line number="15" hits="5" branch="false"/>
						<line number="16" hits="5" branch="false"/>
						<line number="17" hits="5" branch="false"/>
						<line number="18" hits="5" branch="false"/>
					</lines>
				</class>
				<class name="com.techflow.openfda.drugs.NaiveInMemoryDrugRepository" filename="com/techflow/openfda/drugs/NaiveInMemoryDrugRepository.java" line-rate="1.0" branch-rate="1.0" complexity="2.0">
					<methods>
						<method name="&lt;init&gt;" signature="()V" line-rate="1.0" branch-rate="1.0" complexity="0">
							<lines>
								<line number="7" hits="5" branch="false"/>
								<line number="9" hits="5" branch="false"/>
							</lines>
						</method>
						<method name="add" signature="(Ljava/lang/String;)V" line-rate="1.0" branch-rate="1.0" complexity="0">
							<lines>
								<line number="28" hits="55" branch="false"/>
								<line number="29" hits="55" branch="false"/>
							</lines>
						</method>
						<method name="startsWith" signature="(Ljava/lang/String;)Ljava/util/List;" line-rate="1.0" branch-rate="1.0" complexity="0">
							<lines>
								<line number="14" hits="3" branch="false"/>
								<line number="16" hits="3" branch="false"/>
								<line number="17" hits="3" branch="true" condition-coverage="100% (2/2)">
									<conditions>
										<condition number="0" type="jump" coverage="100%"/>
									</conditions>
								</line>
								<line number="18" hits="33" branch="true" condition-coverage="100% (2/2)">
									<conditions>
										<condition number="0" type="jump" coverage="100%"/>
									</conditions>
								</line>
								<line number="19" hits="11" branch="false"/>
								<line number="21" hits="33" branch="false"/>
								<line number="23" hits="3" branch="false"/>
							</lines>
						</method>
					</methods>
					<lines>
						<line number="7" hits="5" branch="false"/>
						<line number="9" hits="5" branch="false"/>
						<line number="14" hits="3" branch="false"/>
						<line number="16" hits="3" branch="false"/>
						<line number="17" hits="3" branch="true" condition-coverage="100% (2/2)">
							<conditions>
								<condition number="0" type="jump" coverage="100%"/>
							</conditions>
						</line>
						<line number="18" hits="33" branch="true" condition-coverage="100% (2/2)">
							<conditions>
								<condition number="0" type="jump" coverage="100%"/>
							</conditions>
						</line>
						<line number="19" hits="11" branch="false"/>
						<line number="21" hits="33" branch="false"/>
						<line number="23" hits="3" branch="false"/>
						<line number="28" hits="55" branch="false"/>
						<line number="29" hits="55" branch="false"/>
					</lines>
				</class>
				<class name="com.techflow.openfda.drugs.ProvideSearchSuggestionsUseCaseImpl" filename="com/techflow/openfda/drugs/ProvideSearchSuggestionsUseCaseImpl.java" line-rate="1.0" branch-rate="1.0" complexity="3.0">
					<methods>
						<method name="&lt;init&gt;" signature="(Lcom/techflow/openfda/drug/client/DrugRepository;)V" line-rate="1.0" branch-rate="1.0" complexity="0">
							<lines>
								<line number="15" hits="5" branch="false"/>
								<line number="16" hits="5" branch="false"/>
								<line number="17" hits="5" branch="false"/>
							</lines>
						</method>
						<method name="execute" signature="()V" line-rate="1.0" branch-rate="1.0" complexity="0">
							<lines>
								<line number="22" hits="5" branch="false"/>
								<line number="23" hits="5" branch="true" condition-coverage="100% (4/4)">
									<conditions>
										<condition number="0" type="jump" coverage="100%"/>
										<condition number="1" type="jump" coverage="100%"/>
									</conditions>
								</line>
								<line number="24" hits="2" branch="false"/>
								<line number="25" hits="2" branch="false"/>
								<line number="28" hits="3" branch="false"/>
								<line number="29" hits="3" branch="true" condition-coverage="100% (2/2)">
									<conditions>
										<condition number="0" type="jump" coverage="100%"/>
									</conditions>
								</line>
								<line number="30" hits="1" branch="false"/>
								<line number="32" hits="2" branch="false"/>
								<line number="34" hits="3" branch="false"/>
							</lines>
						</method>
					</methods>
					<lines>
						<line number="15" hits="5" branch="false"/>
						<line number="16" hits="5" branch="false"/>
						<line number="17" hits="5" branch="false"/>
						<line number="22" hits="5" branch="false"/>
						<line number="23" hits="5" branch="true" condition-coverage="100% (4/4)">
							<conditions>
								<condition number="0" type="jump" coverage="100%"/>
								<condition number="1" type="jump" coverage="100%"/>
							</conditions>
						</line>
						<line number="24" hits="2" branch="false"/>
						<line number="25" hits="2" branch="false"/>
						<line number="28" hits="3" branch="false"/>
						<line number="29" hits="3" branch="true" condition-coverage="100% (2/2)">
							<conditions>
								<condition number="0" type="jump" coverage="100%"/>
							</conditions>
						</line>
						<line number="30" hits="1" branch="false"/>
						<line number="32" hits="2" branch="false"/>
						<line number="34" hits="3" branch="false"/>
					</lines>
				</class>
				<class name="com.techflow.openfda.drugs.SimpleOpenFdaSpringUseCaseFactory" filename="com/techflow/openfda/drugs/SimpleOpenFdaSpringUseCaseFactory.java" line-rate="0.0" branch-rate="1.0" complexity="1.0">
					<methods>
						<method name="&lt;init&gt;" signature="(Lcom/techflow/openfda/drug/client/OpenFdaGateway;Lcom/techflow/openfda/drug/client/DrugRepository;)V" line-rate="0.0" branch-rate="1.0" complexity="0">
							<lines>
								<line number="15" hits="0" branch="false"/>
								<line number="16" hits="0" branch="false"/>
								<line number="17" hits="0" branch="false"/>
								<line number="18" hits="0" branch="false"/>
							</lines>
						</method>
						<method name="newAutocompleteUseCase" signature="()Lcom/techflow/openfda/drug/usecase/ProvideSearchSuggestionsUseCase;" line-rate="0.0" branch-rate="1.0" complexity="0">
							<lines>
								<line number="35" hits="0" branch="false"/>
							</lines>
						</method>
						<method name="newFindDrugUseCase" signature="()Lcom/techflow/openfda/drug/usecase/FindDrugUseCase;" line-rate="0.0" branch-rate="1.0" complexity="0">
							<lines>
								<line number="9" hits="0" branch="false"/>
							</lines>
						</method>
						<method name="newFindDrugUseCase" signature="()Lcom/techflow/openfda/drugs/FindDrugUseCaseImpl;" line-rate="0.0" branch-rate="1.0" complexity="0">
							<lines>
								<line number="23" hits="0" branch="false"/>
							</lines>
						</method>
						<method name="newListDrugEventsUseCase" signature="()Lcom/techflow/openfda/drug/usecase/ListDrugEventsUseCase;" line-rate="0.0" branch-rate="1.0" complexity="0">
							<lines>
								<line number="29" hits="0" branch="false"/>
							</lines>
						</method>
					</methods>
					<lines>
						<line number="9" hits="0" branch="false"/>
						<line number="15" hits="0" branch="false"/>
						<line number="16" hits="0" branch="false"/>
						<line number="17" hits="0" branch="false"/>
						<line number="18" hits="0" branch="false"/>
						<line number="23" hits="0" branch="false"/>
						<line number="29" hits="0" branch="false"/>
						<line number="35" hits="0" branch="false"/>
					</lines>
				</class>
			</classes>
		</package>
	</packages>
</coverage>
